Flow report for MBCORE
Sun Oct 11 12:54:38 2020
Quartus Prime Version 17.1.0 Build 590 10/25/2017 SJ Lite Edition


---------------------
; Table of Contents ;
---------------------
  1. Legal Notice
  2. Flow Summary
  3. Flow Settings
  4. Flow Non-Default Global Settings
  5. Flow Elapsed Time
  6. Flow OS Summary
  7. Flow Log
  8. Flow Messages
  9. Flow Suppressed Messages



----------------
; Legal Notice ;
----------------
Copyright (C) 2017  Intel Corporation. All rights reserved.
Your use of Intel Corporation's design tools, logic functions 
and other software and tools, and its AMPP partner logic 
functions, and any output files from any of the foregoing 
(including device programming or simulation files), and any 
associated documentation or information are expressly subject 
to the terms and conditions of the Intel Program License 
Subscription Agreement, the Intel Quartus Prime License Agreement,
the Intel FPGA IP License Agreement, or other applicable license
agreement, including, without limitation, that your use is for
the sole purpose of programming logic devices manufactured by
Intel and sold by Intel or its authorized distributors.  Please
refer to the applicable agreement for further details.



+----------------------------------------------------------------------------------+
; Flow Summary                                                                     ;
+------------------------------------+---------------------------------------------+
; Flow Status                        ; Successful - Sun Oct 11 12:54:38 2020       ;
; Quartus Prime Version              ; 17.1.0 Build 590 10/25/2017 SJ Lite Edition ;
; Revision Name                      ; MBCORE                                      ;
; Top-level Entity Name              ; top_level_arch                              ;
; Family                             ; Cyclone IV E                                ;
; Device                             ; EP4CE115F29C7                               ;
; Timing Models                      ; Final                                       ;
; Total logic elements               ; 11,739 / 114,480 ( 10 % )                   ;
;     Total combinational functions  ; 9,787 / 114,480 ( 9 % )                     ;
;     Dedicated logic registers      ; 4,632 / 114,480 ( 4 % )                     ;
; Total registers                    ; 4632                                        ;
; Total pins                         ; 222 / 529 ( 42 % )                          ;
; Total virtual pins                 ; 0                                           ;
; Total memory bits                  ; 462,912 / 3,981,312 ( 12 % )                ;
; Embedded Multiplier 9-bit elements ; 2 / 532 ( < 1 % )                           ;
; Total PLLs                         ; 0 / 4 ( 0 % )                               ;
+------------------------------------+---------------------------------------------+


+-----------------------------------------+
; Flow Settings                           ;
+-------------------+---------------------+
; Option            ; Setting             ;
+-------------------+---------------------+
; Start date & time ; 10/11/2020 12:48:50 ;
; Main task         ; Compilation         ;
; Revision Name     ; MBCORE              ;
+-------------------+---------------------+


+----------------------------------------------------------------------------------------------------------------------------+
; Flow Non-Default Global Settings                                                                                           ;
+-------------------------------------+----------------------------------------+---------------+----------------+------------+
; Assignment Name                     ; Value                                  ; Default Value ; Entity Name    ; Section Id ;
+-------------------------------------+----------------------------------------+---------------+----------------+------------+
; COMPILER_SIGNATURE_ID               ; 963354562727.160243133005756           ; --            ; --             ; --         ;
; FITTER_EFFORT                       ; Fast Fit                               ; Auto Fit      ; --             ; --         ;
; MAX_CORE_JUNCTION_TEMP              ; 85                                     ; --            ; --             ; --         ;
; MIN_CORE_JUNCTION_TEMP              ; 0                                      ; --            ; --             ; --         ;
; PARTITION_COLOR                     ; -- (Not supported for targeted family) ; --            ; top_level_arch ; Top        ;
; PARTITION_FITTER_PRESERVATION_LEVEL ; -- (Not supported for targeted family) ; --            ; top_level_arch ; Top        ;
; PARTITION_NETLIST_TYPE              ; -- (Not supported for targeted family) ; --            ; top_level_arch ; Top        ;
; POWER_BOARD_THERMAL_MODEL           ; None (CONSERVATIVE)                    ; --            ; --             ; --         ;
; POWER_PRESET_COOLING_SOLUTION       ; 23 MM HEAT SINK WITH 200 LFPM AIRFLOW  ; --            ; --             ; --         ;
; PROJECT_OUTPUT_DIRECTORY            ; output_files                           ; --            ; --             ; --         ;
; SMART_RECOMPILE                     ; On                                     ; Off           ; --             ; --         ;
; TOP_LEVEL_ENTITY                    ; top_level_arch                         ; MBCORE        ; --             ; --         ;
+-------------------------------------+----------------------------------------+---------------+----------------+------------+


+-------------------------------------------------------------------------------------------------------------------------------+
; Flow Elapsed Time                                                                                                             ;
+---------------------------+--------------+-------------------------+---------------------+------------------------------------+
; Module Name               ; Elapsed Time ; Average Processors Used ; Peak Virtual Memory ; Total CPU Time (on all processors) ;
+---------------------------+--------------+-------------------------+---------------------+------------------------------------+
; Analysis & Synthesis      ; 00:00:28     ; 1.0                     ; 4922 MB             ; 00:00:36                           ;
; Fitter                    ; 00:04:02     ; 1.1                     ; 6501 MB             ; 00:04:54                           ;
; Assembler                 ; 00:00:03     ; 1.0                     ; 4716 MB             ; 00:00:03                           ;
; TimeQuest Timing Analyzer ; 00:00:35     ; 1.8                     ; 5131 MB             ; 00:00:39                           ;
; EDA Netlist Writer        ; 00:00:01     ; 1.0                     ; 4672 MB             ; 00:00:02                           ;
; EDA Netlist Writer        ; 00:00:03     ; 1.0                     ; 4696 MB             ; 00:00:03                           ;
; Total                     ; 00:05:12     ; --                      ; --                  ; 00:06:17                           ;
+---------------------------+--------------+-------------------------+---------------------+------------------------------------+


+-----------------------------------------------------------------------------------------+
; Flow OS Summary                                                                         ;
+---------------------------+------------------+------------+------------+----------------+
; Module Name               ; Machine Hostname ; OS Name    ; OS Version ; Processor type ;
+---------------------------+------------------+------------+------------+----------------+
; Analysis & Synthesis      ; DESKTOP-KRNQN2U  ; Windows 10 ; 10.0       ; x86_64         ;
; Fitter                    ; DESKTOP-KRNQN2U  ; Windows 10 ; 10.0       ; x86_64         ;
; Assembler                 ; DESKTOP-KRNQN2U  ; Windows 10 ; 10.0       ; x86_64         ;
; TimeQuest Timing Analyzer ; DESKTOP-KRNQN2U  ; Windows 10 ; 10.0       ; x86_64         ;
; EDA Netlist Writer        ; DESKTOP-KRNQN2U  ; Windows 10 ; 10.0       ; x86_64         ;
; EDA Netlist Writer        ; DESKTOP-KRNQN2U  ; Windows 10 ; 10.0       ; x86_64         ;
+---------------------------+------------------+------------+------------+----------------+


------------
; Flow Log ;
------------
quartus_map --read_settings_files=on --write_settings_files=off MBCORE -c MBCORE
quartus_fit --read_settings_files=off --write_settings_files=off MBCORE -c MBCORE
quartus_asm --read_settings_files=off --write_settings_files=off MBCORE -c MBCORE
quartus_sta MBCORE -c MBCORE
quartus_eda --gen_testbench --tool=modelsim_oem --format=verilog --write_settings_files=off MBCORE -c MBCORE --vector_source="D:/maira/Documents/LAB REDES/TRABSON/mir2/mirCore/Waveform4.vwf" --testbench_file="D:/maira/Documents/LAB REDES/TRABSON/mir2/mirCore/simulation/qsim/Waveform4.vwf.vt"
quartus_eda --write_settings_files=off --simulation=on --functional=on --flatten_buses=off --tool=modelsim_oem --format=verilog --output_directory="D:/maira/Documents/LAB REDES/TRABSON/mir2/mirCore/simulation/qsim/" MBCORE -c MBCORE



